[0.053s] DEBUG:colcon:Command line arguments: ['/usr/bin/colcon', 'build', '--symlink-install', '--cmake-args', '-DCMAKE_BUILD_TYPE=Release', '--packages-select', 'lidar-camera-calibration']
[0.053s] DEBUG:colcon:Parsed command line arguments: Namespace(log_base=None, log_level=None, verb_name='build', build_base='build', install_base='install', merge_install=False, symlink_install=True, test_result_base=None, continue_on_error=False, executor='parallel', parallel_workers=20, event_handlers=None, ignore_user_meta=False, metas=['./colcon.meta'], base_paths=['.'], packages_ignore=None, packages_ignore_regex=None, paths=None, packages_up_to=None, packages_up_to_regex=None, packages_above=None, packages_above_and_dependencies=None, packages_above_depth=None, packages_select_by_dep=None, packages_skip_by_dep=None, packages_skip_up_to=None, packages_select_build_failed=False, packages_skip_build_finished=False, packages_select_test_failures=False, packages_skip_test_passed=False, packages_select=['lidar-camera-calibration'], packages_skip=None, packages_select_regex=None, packages_skip_regex=None, packages_start=None, packages_end=None, allow_overriding=[], cmake_args=['-DCMAKE_BUILD_TYPE=Release'], cmake_target=None, cmake_target_skip_unavailable=False, cmake_clean_cache=False, cmake_clean_first=False, cmake_force_configure=False, ament_cmake_args=None, catkin_cmake_args=None, catkin_skip_building_tests=False, verb_parser=<colcon_defaults.argument_parser.defaults.DefaultArgumentsDecorator object at 0x717415ee03a0>, verb_extension=<colcon_core.verb.build.BuildVerb object at 0x717415eafd90>, main=<bound method BuildVerb.main of <colcon_core.verb.build.BuildVerb object at 0x717415eafd90>>)
[0.074s] Level 1:colcon.colcon_core.package_discovery:discover_packages(colcon_meta) check parameters
[0.074s] Level 1:colcon.colcon_core.package_discovery:discover_packages(recursive) check parameters
[0.074s] Level 1:colcon.colcon_core.package_discovery:discover_packages(ignore) check parameters
[0.074s] Level 1:colcon.colcon_core.package_discovery:discover_packages(path) check parameters
[0.074s] Level 1:colcon.colcon_core.package_discovery:discover_packages(colcon_meta) discover
[0.074s] Level 1:colcon.colcon_core.package_discovery:discover_packages(recursive) discover
[0.074s] INFO:colcon.colcon_core.package_discovery:Crawling recursively for packages in '/home/sweun/ros2_ws/src/lidar-camera-calibration'
[0.074s] Level 1:colcon.colcon_core.package_identification:_identify(.) by extensions ['ignore', 'ignore_ament_install']
[0.074s] Level 1:colcon.colcon_core.package_identification:_identify(.) by extension 'ignore'
[0.074s] Level 1:colcon.colcon_core.package_identification:_identify(.) by extension 'ignore_ament_install'
[0.074s] Level 1:colcon.colcon_core.package_identification:_identify(.) by extensions ['colcon_pkg']
[0.074s] Level 1:colcon.colcon_core.package_identification:_identify(.) by extension 'colcon_pkg'
[0.074s] Level 1:colcon.colcon_core.package_identification:_identify(.) by extensions ['colcon_meta']
[0.074s] Level 1:colcon.colcon_core.package_identification:_identify(.) by extension 'colcon_meta'
[0.074s] Level 1:colcon.colcon_core.package_identification:_identify(.) by extensions ['ros']
[0.074s] Level 1:colcon.colcon_core.package_identification:_identify(.) by extension 'ros'
[0.084s] DEBUG:colcon.colcon_core.package_identification:Package '.' with type 'ros.ament_cmake' and name 'lidar-camera-calibration'
[0.084s] Level 1:colcon.colcon_core.package_discovery:discover_packages(recursive) using defaults
[0.084s] Level 1:colcon.colcon_core.package_discovery:discover_packages(ignore) discover
[0.084s] Level 1:colcon.colcon_core.package_discovery:discover_packages(ignore) using defaults
[0.084s] Level 1:colcon.colcon_core.package_discovery:discover_packages(path) discover
[0.084s] Level 1:colcon.colcon_core.package_discovery:discover_packages(path) using defaults
[0.094s] Level 1:colcon.colcon_core.package_discovery:discover_packages(prefix_path) check parameters
[0.094s] Level 1:colcon.colcon_core.package_discovery:discover_packages(prefix_path) discover
[0.095s] DEBUG:colcon.colcon_installed_package_information.package_discovery:Found 1 installed packages in /home/sweun/ros2_ws/src/lidar-camera-calibration/install
[0.095s] DEBUG:colcon.colcon_installed_package_information.package_discovery:Found 4 installed packages in /home/sweun/ros2_ws/install
[0.096s] DEBUG:colcon.colcon_installed_package_information.package_discovery:Found 279 installed packages in /opt/ros/humble
[0.097s] Level 1:colcon.colcon_core.package_discovery:discover_packages(prefix_path) using defaults
[0.115s] Level 5:colcon.colcon_core.verb:set package 'lidar-camera-calibration' build argument 'cmake_args' from command line to '['-DCMAKE_BUILD_TYPE=Release']'
[0.115s] Level 5:colcon.colcon_core.verb:set package 'lidar-camera-calibration' build argument 'cmake_target' from command line to 'None'
[0.115s] Level 5:colcon.colcon_core.verb:set package 'lidar-camera-calibration' build argument 'cmake_target_skip_unavailable' from command line to 'False'
[0.115s] Level 5:colcon.colcon_core.verb:set package 'lidar-camera-calibration' build argument 'cmake_clean_cache' from command line to 'False'
[0.115s] Level 5:colcon.colcon_core.verb:set package 'lidar-camera-calibration' build argument 'cmake_clean_first' from command line to 'False'
[0.115s] Level 5:colcon.colcon_core.verb:set package 'lidar-camera-calibration' build argument 'cmake_force_configure' from command line to 'False'
[0.115s] Level 5:colcon.colcon_core.verb:set package 'lidar-camera-calibration' build argument 'ament_cmake_args' from command line to 'None'
[0.115s] Level 5:colcon.colcon_core.verb:set package 'lidar-camera-calibration' build argument 'catkin_cmake_args' from command line to 'None'
[0.115s] Level 5:colcon.colcon_core.verb:set package 'lidar-camera-calibration' build argument 'catkin_skip_building_tests' from command line to 'False'
[0.115s] DEBUG:colcon.colcon_core.verb:Building package 'lidar-camera-calibration' with the following arguments: {'ament_cmake_args': None, 'build_base': '/home/sweun/ros2_ws/src/lidar-camera-calibration/build/lidar-camera-calibration', 'catkin_cmake_args': None, 'catkin_skip_building_tests': False, 'cmake_args': ['-DCMAKE_BUILD_TYPE=Release'], 'cmake_clean_cache': False, 'cmake_clean_first': False, 'cmake_force_configure': False, 'cmake_target': None, 'cmake_target_skip_unavailable': False, 'install_base': '/home/sweun/ros2_ws/src/lidar-camera-calibration/install/lidar-camera-calibration', 'merge_install': False, 'path': '/home/sweun/ros2_ws/src/lidar-camera-calibration', 'symlink_install': True, 'test_result_base': None}
[0.115s] INFO:colcon.colcon_core.executor:Executing jobs using 'parallel' executor
[0.116s] DEBUG:colcon.colcon_parallel_executor.executor.parallel:run_until_complete
[0.116s] INFO:colcon.colcon_ros.task.ament_cmake.build:Building ROS package in '/home/sweun/ros2_ws/src/lidar-camera-calibration' with build type 'ament_cmake'
[0.116s] INFO:colcon.colcon_cmake.task.cmake.build:Building CMake package in '/home/sweun/ros2_ws/src/lidar-camera-calibration'
[0.117s] INFO:colcon.colcon_core.plugin_system:Skipping extension 'colcon_core.shell.bat': Not used on non-Windows systems
[0.117s] INFO:colcon.colcon_core.shell:Skip shell extension 'powershell' for command environment: Not usable outside of PowerShell
[0.117s] DEBUG:colcon.colcon_core.shell:Skip shell extension 'dsv' for command environment
[0.123s] DEBUG:colcon.colcon_core.event_handler.log_command:Invoking command in '/home/sweun/ros2_ws/src/lidar-camera-calibration/build/lidar-camera-calibration': CMAKE_PREFIX_PATH=${CMAKE_PREFIX_PATH}:/opt/ros/humble /usr/bin/cmake --build /home/sweun/ros2_ws/src/lidar-camera-calibration/build/lidar-camera-calibration -- -j20 -l20
[6.324s] DEBUG:colcon.colcon_core.event_handler.log_command:Invoked command in '/home/sweun/ros2_ws/src/lidar-camera-calibration/build/lidar-camera-calibration' returned '0': CMAKE_PREFIX_PATH=${CMAKE_PREFIX_PATH}:/opt/ros/humble /usr/bin/cmake --build /home/sweun/ros2_ws/src/lidar-camera-calibration/build/lidar-camera-calibration -- -j20 -l20
[6.344s] DEBUG:colcon.colcon_core.event_handler.log_command:Invoking command in '/home/sweun/ros2_ws/src/lidar-camera-calibration/build/lidar-camera-calibration': CMAKE_PREFIX_PATH=${CMAKE_PREFIX_PATH}:/opt/ros/humble /usr/bin/cmake --install /home/sweun/ros2_ws/src/lidar-camera-calibration/build/lidar-camera-calibration
[6.358s] Level 1:colcon.colcon_core.environment:create_environment_scripts_only(lidar-camera-calibration)
[6.359s] DEBUG:colcon.colcon_core.event_handler.log_command:Invoked command in '/home/sweun/ros2_ws/src/lidar-camera-calibration/build/lidar-camera-calibration' returned '0': CMAKE_PREFIX_PATH=${CMAKE_PREFIX_PATH}:/opt/ros/humble /usr/bin/cmake --install /home/sweun/ros2_ws/src/lidar-camera-calibration/build/lidar-camera-calibration
[6.361s] Level 1:colcon.colcon_core.environment:checking '/home/sweun/ros2_ws/src/lidar-camera-calibration/install/lidar-camera-calibration' for CMake module files
[6.361s] Level 1:colcon.colcon_core.environment:checking '/home/sweun/ros2_ws/src/lidar-camera-calibration/install/lidar-camera-calibration' for CMake config files
[6.362s] Level 1:colcon.colcon_core.shell:create_environment_hook('lidar-camera-calibration', 'cmake_prefix_path')
[6.362s] INFO:colcon.colcon_core.shell:Creating environment hook '/home/sweun/ros2_ws/src/lidar-camera-calibration/install/lidar-camera-calibration/share/lidar-camera-calibration/hook/cmake_prefix_path.ps1'
[6.363s] INFO:colcon.colcon_core.shell:Creating environment descriptor '/home/sweun/ros2_ws/src/lidar-camera-calibration/install/lidar-camera-calibration/share/lidar-camera-calibration/hook/cmake_prefix_path.dsv'
[6.363s] INFO:colcon.colcon_core.shell:Creating environment hook '/home/sweun/ros2_ws/src/lidar-camera-calibration/install/lidar-camera-calibration/share/lidar-camera-calibration/hook/cmake_prefix_path.sh'
[6.364s] Level 1:colcon.colcon_core.environment:checking '/home/sweun/ros2_ws/src/lidar-camera-calibration/install/lidar-camera-calibration/lib'
[6.364s] Level 1:colcon.colcon_core.environment:checking '/home/sweun/ros2_ws/src/lidar-camera-calibration/install/lidar-camera-calibration/bin'
[6.364s] Level 1:colcon.colcon_core.environment:checking '/home/sweun/ros2_ws/src/lidar-camera-calibration/install/lidar-camera-calibration/lib/pkgconfig/lidar-camera-calibration.pc'
[6.364s] Level 1:colcon.colcon_core.environment:checking '/home/sweun/ros2_ws/src/lidar-camera-calibration/install/lidar-camera-calibration/lib/python3.10/site-packages'
[6.365s] Level 1:colcon.colcon_core.environment:checking '/home/sweun/ros2_ws/src/lidar-camera-calibration/install/lidar-camera-calibration/bin'
[6.365s] INFO:colcon.colcon_core.shell:Creating package script '/home/sweun/ros2_ws/src/lidar-camera-calibration/install/lidar-camera-calibration/share/lidar-camera-calibration/package.ps1'
[6.365s] INFO:colcon.colcon_core.shell:Creating package descriptor '/home/sweun/ros2_ws/src/lidar-camera-calibration/install/lidar-camera-calibration/share/lidar-camera-calibration/package.dsv'
[6.366s] INFO:colcon.colcon_core.shell:Creating package script '/home/sweun/ros2_ws/src/lidar-camera-calibration/install/lidar-camera-calibration/share/lidar-camera-calibration/package.sh'
[6.366s] INFO:colcon.colcon_core.shell:Creating package script '/home/sweun/ros2_ws/src/lidar-camera-calibration/install/lidar-camera-calibration/share/lidar-camera-calibration/package.bash'
[6.367s] INFO:colcon.colcon_core.shell:Creating package script '/home/sweun/ros2_ws/src/lidar-camera-calibration/install/lidar-camera-calibration/share/lidar-camera-calibration/package.zsh'
[6.367s] Level 1:colcon.colcon_core.environment:create_file_with_runtime_dependencies(/home/sweun/ros2_ws/src/lidar-camera-calibration/install/lidar-camera-calibration/share/colcon-core/packages/lidar-camera-calibration)
[6.394s] Level 1:colcon.colcon_core.environment:create_environment_scripts_only(lidar-camera-calibration)
[6.395s] Level 1:colcon.colcon_core.environment:checking '/home/sweun/ros2_ws/src/lidar-camera-calibration/install/lidar-camera-calibration' for CMake module files
[6.396s] Level 1:colcon.colcon_core.environment:checking '/home/sweun/ros2_ws/src/lidar-camera-calibration/install/lidar-camera-calibration' for CMake config files
[6.396s] Level 1:colcon.colcon_core.shell:create_environment_hook('lidar-camera-calibration', 'cmake_prefix_path')
[6.396s] INFO:colcon.colcon_core.shell:Creating environment hook '/home/sweun/ros2_ws/src/lidar-camera-calibration/install/lidar-camera-calibration/share/lidar-camera-calibration/hook/cmake_prefix_path.ps1'
[6.397s] INFO:colcon.colcon_core.shell:Creating environment descriptor '/home/sweun/ros2_ws/src/lidar-camera-calibration/install/lidar-camera-calibration/share/lidar-camera-calibration/hook/cmake_prefix_path.dsv'
[6.397s] INFO:colcon.colcon_core.shell:Creating environment hook '/home/sweun/ros2_ws/src/lidar-camera-calibration/install/lidar-camera-calibration/share/lidar-camera-calibration/hook/cmake_prefix_path.sh'
[6.398s] Level 1:colcon.colcon_core.environment:checking '/home/sweun/ros2_ws/src/lidar-camera-calibration/install/lidar-camera-calibration/lib'
[6.399s] Level 1:colcon.colcon_core.environment:checking '/home/sweun/ros2_ws/src/lidar-camera-calibration/install/lidar-camera-calibration/bin'
[6.399s] Level 1:colcon.colcon_core.environment:checking '/home/sweun/ros2_ws/src/lidar-camera-calibration/install/lidar-camera-calibration/lib/pkgconfig/lidar-camera-calibration.pc'
[6.399s] Level 1:colcon.colcon_core.environment:checking '/home/sweun/ros2_ws/src/lidar-camera-calibration/install/lidar-camera-calibration/lib/python3.10/site-packages'
[6.400s] Level 1:colcon.colcon_core.environment:checking '/home/sweun/ros2_ws/src/lidar-camera-calibration/install/lidar-camera-calibration/bin'
[6.400s] INFO:colcon.colcon_core.shell:Creating package script '/home/sweun/ros2_ws/src/lidar-camera-calibration/install/lidar-camera-calibration/share/lidar-camera-calibration/package.ps1'
[6.401s] INFO:colcon.colcon_core.shell:Creating package descriptor '/home/sweun/ros2_ws/src/lidar-camera-calibration/install/lidar-camera-calibration/share/lidar-camera-calibration/package.dsv'
[6.402s] INFO:colcon.colcon_core.shell:Creating package script '/home/sweun/ros2_ws/src/lidar-camera-calibration/install/lidar-camera-calibration/share/lidar-camera-calibration/package.sh'
[6.403s] INFO:colcon.colcon_core.shell:Creating package script '/home/sweun/ros2_ws/src/lidar-camera-calibration/install/lidar-camera-calibration/share/lidar-camera-calibration/package.bash'
[6.404s] INFO:colcon.colcon_core.shell:Creating package script '/home/sweun/ros2_ws/src/lidar-camera-calibration/install/lidar-camera-calibration/share/lidar-camera-calibration/package.zsh'
[6.405s] Level 1:colcon.colcon_core.environment:create_file_with_runtime_dependencies(/home/sweun/ros2_ws/src/lidar-camera-calibration/install/lidar-camera-calibration/share/colcon-core/packages/lidar-camera-calibration)
[6.405s] DEBUG:colcon.colcon_parallel_executor.executor.parallel:closing loop
[6.405s] DEBUG:colcon.colcon_parallel_executor.executor.parallel:loop closed
[6.405s] DEBUG:colcon.colcon_parallel_executor.executor.parallel:run_until_complete finished with '0'
[6.406s] DEBUG:colcon.colcon_core.event_reactor:joining thread
[6.417s] INFO:colcon.colcon_core.plugin_system:Skipping extension 'colcon_notification.desktop_notification.terminal_notifier': Not used on non-Darwin systems
[6.417s] INFO:colcon.colcon_core.plugin_system:Skipping extension 'colcon_notification.desktop_notification.win32': Not used on non-Windows systems
[6.417s] INFO:colcon.colcon_notification.desktop_notification:Sending desktop notification using 'notify2'
[6.429s] DEBUG:colcon.colcon_core.event_reactor:joined thread
[6.429s] INFO:colcon.colcon_core.shell:Creating prefix script '/home/sweun/ros2_ws/src/lidar-camera-calibration/install/local_setup.ps1'
[6.430s] INFO:colcon.colcon_core.shell:Creating prefix util module '/home/sweun/ros2_ws/src/lidar-camera-calibration/install/_local_setup_util_ps1.py'
[6.431s] INFO:colcon.colcon_core.shell:Creating prefix chain script '/home/sweun/ros2_ws/src/lidar-camera-calibration/install/setup.ps1'
[6.431s] INFO:colcon.colcon_core.shell:Creating prefix script '/home/sweun/ros2_ws/src/lidar-camera-calibration/install/local_setup.sh'
[6.431s] INFO:colcon.colcon_core.shell:Creating prefix util module '/home/sweun/ros2_ws/src/lidar-camera-calibration/install/_local_setup_util_sh.py'
[6.432s] INFO:colcon.colcon_core.shell:Creating prefix chain script '/home/sweun/ros2_ws/src/lidar-camera-calibration/install/setup.sh'
[6.432s] INFO:colcon.colcon_core.shell:Creating prefix script '/home/sweun/ros2_ws/src/lidar-camera-calibration/install/local_setup.bash'
[6.432s] INFO:colcon.colcon_core.shell:Creating prefix chain script '/home/sweun/ros2_ws/src/lidar-camera-calibration/install/setup.bash'
[6.433s] INFO:colcon.colcon_core.shell:Creating prefix script '/home/sweun/ros2_ws/src/lidar-camera-calibration/install/local_setup.zsh'
[6.433s] INFO:colcon.colcon_core.shell:Creating prefix chain script '/home/sweun/ros2_ws/src/lidar-camera-calibration/install/setup.zsh'
