-- The C compiler identification is GNU 11.4.0
-- The CXX compiler identification is GNU 11.4.0
-- Detecting C compiler ABI info
-- Detecting C compiler ABI info - done
-- Check for working C compiler: /usr/bin/cc - skipped
-- Detecting C compile features
-- Detecting C compile features - done
-- Detecting CXX compiler ABI info
-- Detecting CXX compiler ABI info - done
-- Check for working CXX compiler: /usr/bin/c++ - skipped
-- Detecting CXX compile features
-- Detecting CXX compile features - done
-- Found ament_cmake: 1.3.8 (/opt/ros/humble/share/ament_cmake/cmake)
-- Found Python3: /usr/bin/python3 (found version "3.10.12") found components: Interpreter 
-- Override CMake install command with custom implementation using symlinks instead of copying resources
-- Found rclcpp: 16.0.8 (/opt/ros/humble/share/rclcpp/cmake)
-- Found rosidl_generator_c: 3.1.5 (/opt/ros/humble/share/rosidl_generator_c/cmake)
-- Found rosidl_adapter: 3.1.5 (/opt/ros/humble/share/rosidl_adapter/cmake)
-- Found rosidl_generator_cpp: 3.1.5 (/opt/ros/humble/share/rosidl_generator_cpp/cmake)
-- Using all available rosidl_typesupport_c: rosidl_typesupport_fastrtps_c;rosidl_typesupport_introspection_c
-- Using all available rosidl_typesupport_cpp: rosidl_typesupport_fastrtps_cpp;rosidl_typesupport_introspection_cpp
-- Found rmw_implementation_cmake: 6.1.1 (/opt/ros/humble/share/rmw_implementation_cmake/cmake)
-- Found rmw_fastrtps_cpp: 6.2.6 (/opt/ros/humble/share/rmw_fastrtps_cpp/cmake)
-- Found OpenSSL: /usr/lib/x86_64-linux-gnu/libcrypto.so (found version "3.0.2")  
-- Found FastRTPS: /opt/ros/humble/include  
-- Using RMW implementation 'rmw_fastrtps_cpp' as default
-- Looking for pthread.h
-- Looking for pthread.h - found
-- Performing Test CMAKE_HAVE_LIBC_PTHREAD
-- Performing Test CMAKE_HAVE_LIBC_PTHREAD - Success
-- Found Threads: TRUE  
-- Found rclpy: 3.3.12 (/opt/ros/humble/share/rclpy/cmake)
-- Found sensor_msgs: 4.2.3 (/opt/ros/humble/share/sensor_msgs/cmake)
-- Found cv_bridge: 3.2.1 (/opt/ros/humble/share/cv_bridge/cmake)
-- Found image_transport: 3.1.8 (/opt/ros/humble/share/image_transport/cmake)
-- Found OpenCV: /usr (found version "4.5.4") 
-- Found ament_lint_auto: 0.12.10 (/opt/ros/humble/share/ament_lint_auto/cmake)
-- Added test 'cppcheck' to perform static code analysis on C / C++ code
-- Configured cppcheck include dirs: 
-- Configured cppcheck exclude dirs and/or files: 
-- Added test 'lint_cmake' to check CMake code style
-- Added test 'uncrustify' to check C / C++ code style
-- Configured uncrustify additional arguments: 
-- Added test 'xmllint' to check XML markup files
-- Configuring done
-- Generating done
-- Build files have been written to: /home/sweun/ros2_ws/src/lidar-camera-calibration/build/lidar-camera-calibration
[ 50%] [32mBuilding CXX object CMakeFiles/lidar_camera_transform.dir/src/lidar_camera_transform.cpp.o[0m
[01m[K/home/sweun/ros2_ws/src/lidar-camera-calibration/src/lidar_camera_transform.cpp:[m[K In member function ‘[01m[Kvoid MinimalImagePublisher::onMouseClick(int, int, int, int, void*)[m[K’:
[01m[K/home/sweun/ros2_ws/src/lidar-camera-calibration/src/lidar_camera_transform.cpp:61:36:[m[K [01;35m[Kwarning: [m[Kunused variable ‘[01m[Kself[m[K’ [[01;35m[K]8;;https://gcc.gnu.org/onlinedocs/gcc/Warning-Options.html#index-Wunused-variable-Wunused-variable]8;;[m[K]
   61 |             MinimalImagePublisher* [01;35m[Kself[m[K = static_cast<MinimalImagePublisher*>(userdata);
      |                                    [01;35m[K^~~~[m[K
[01m[K/home/sweun/ros2_ws/src/lidar-camera-calibration/src/lidar_camera_transform.cpp:59:52:[m[K [01;35m[Kwarning: [m[Kunused parameter ‘[01m[Kflags[m[K’ [[01;35m[K]8;;https://gcc.gnu.org/onlinedocs/gcc/Warning-Options.html#index-Wunused-parameter-Wunused-parameter]8;;[m[K]
   59 |     void onMouseClick(int event, int x, int y, [01;35m[Kint flags[m[K, void* userdata) {
      |                                                [01;35m[K~~~~^~~~~[m[K
[100%] [32m[1mLinking CXX executable lidar_camera_transform[0m
[100%] Built target lidar_camera_transform
-- Install configuration: "Release"
-- Execute custom install script
-- Symlinking: /home/sweun/ros2_ws/src/lidar-camera-calibration/install/lidar-camera-calibration/lib/lidar-camera-calibration/lidar_camera_transform
-- Symlinking: /home/sweun/ros2_ws/src/lidar-camera-calibration/install/lidar-camera-calibration/share/ament_index/resource_index/package_run_dependencies/lidar-camera-calibration
-- Symlinking: /home/sweun/ros2_ws/src/lidar-camera-calibration/install/lidar-camera-calibration/share/ament_index/resource_index/parent_prefix_path/lidar-camera-calibration
-- Symlinking: /home/sweun/ros2_ws/src/lidar-camera-calibration/install/lidar-camera-calibration/share/lidar-camera-calibration/environment/ament_prefix_path.sh
-- Symlinking: /home/sweun/ros2_ws/src/lidar-camera-calibration/install/lidar-camera-calibration/share/lidar-camera-calibration/environment/ament_prefix_path.dsv
-- Symlinking: /home/sweun/ros2_ws/src/lidar-camera-calibration/install/lidar-camera-calibration/share/lidar-camera-calibration/environment/path.sh
-- Symlinking: /home/sweun/ros2_ws/src/lidar-camera-calibration/install/lidar-camera-calibration/share/lidar-camera-calibration/environment/path.dsv
-- Symlinking: /home/sweun/ros2_ws/src/lidar-camera-calibration/install/lidar-camera-calibration/share/lidar-camera-calibration/local_setup.bash
-- Symlinking: /home/sweun/ros2_ws/src/lidar-camera-calibration/install/lidar-camera-calibration/share/lidar-camera-calibration/local_setup.sh
-- Symlinking: /home/sweun/ros2_ws/src/lidar-camera-calibration/install/lidar-camera-calibration/share/lidar-camera-calibration/local_setup.zsh
-- Symlinking: /home/sweun/ros2_ws/src/lidar-camera-calibration/install/lidar-camera-calibration/share/lidar-camera-calibration/local_setup.dsv
-- Symlinking: /home/sweun/ros2_ws/src/lidar-camera-calibration/install/lidar-camera-calibration/share/lidar-camera-calibration/package.dsv
-- Symlinking: /home/sweun/ros2_ws/src/lidar-camera-calibration/install/lidar-camera-calibration/share/ament_index/resource_index/packages/lidar-camera-calibration
-- Symlinking: /home/sweun/ros2_ws/src/lidar-camera-calibration/install/lidar-camera-calibration/share/lidar-camera-calibration/cmake/lidar-camera-calibrationConfig.cmake
-- Symlinking: /home/sweun/ros2_ws/src/lidar-camera-calibration/install/lidar-camera-calibration/share/lidar-camera-calibration/cmake/lidar-camera-calibrationConfig-version.cmake
-- Symlinking: /home/sweun/ros2_ws/src/lidar-camera-calibration/install/lidar-camera-calibration/share/lidar-camera-calibration/package.xml
