[0.006s] Invoking command in '/home/sweun/ros2_ws/src/lidar-camera-calibration/build/lidar-camera-calibration': CMAKE_PREFIX_PATH=${CMAKE_PREFIX_PATH}:/opt/ros/humble /usr/bin/cmake /home/sweun/ros2_ws/src/lidar-camera-calibration -DCMAKE_BUILD_TYPE=Release -DAMENT_CMAKE_SYMLINK_INSTALL=1 -DCMAKE_INSTALL_PREFIX=/home/sweun/ros2_ws/src/lidar-camera-calibration/install/lidar-camera-calibration
[0.057s] -- The C compiler identification is GNU 11.4.0
[0.117s] -- The CXX compiler identification is GNU 11.4.0
[0.125s] -- Detecting C compiler ABI info
[0.181s] -- Detecting C compiler ABI info - done
[0.186s] -- Check for working C compiler: /usr/bin/cc - skipped
[0.186s] -- Detecting C compile features
[0.187s] -- Detecting C compile features - done
[0.190s] -- Detecting CXX compiler ABI info
[0.267s] -- Detecting CXX compiler ABI info - done
[0.273s] -- Check for working CXX compiler: /usr/bin/c++ - skipped
[0.273s] -- Detecting CXX compile features
[0.274s] -- Detecting CXX compile features - done
[0.290s] -- Found ament_cmake: 1.3.8 (/opt/ros/humble/share/ament_cmake/cmake)
[0.501s] -- Found Python3: /usr/bin/python3 (found version "3.10.12") found components: Interpreter 
[0.548s] -- Override CMake install command with custom implementation using symlinks instead of copying resources
[0.579s] -- Found rclcpp: 16.0.8 (/opt/ros/humble/share/rclcpp/cmake)
[0.643s] -- Found rosidl_generator_c: 3.1.5 (/opt/ros/humble/share/rosidl_generator_c/cmake)
[0.648s] -- Found rosidl_adapter: 3.1.5 (/opt/ros/humble/share/rosidl_adapter/cmake)
[0.656s] -- Found rosidl_generator_cpp: 3.1.5 (/opt/ros/humble/share/rosidl_generator_cpp/cmake)
[0.670s] -- Using all available rosidl_typesupport_c: rosidl_typesupport_fastrtps_c;rosidl_typesupport_introspection_c
[0.684s] -- Using all available rosidl_typesupport_cpp: rosidl_typesupport_fastrtps_cpp;rosidl_typesupport_introspection_cpp
[0.737s] -- Found rmw_implementation_cmake: 6.1.1 (/opt/ros/humble/share/rmw_implementation_cmake/cmake)
[0.740s] -- Found rmw_fastrtps_cpp: 6.2.6 (/opt/ros/humble/share/rmw_fastrtps_cpp/cmake)
[0.803s] -- Found OpenSSL: /usr/lib/x86_64-linux-gnu/libcrypto.so (found version "3.0.2")  
[0.824s] -- Found FastRTPS: /opt/ros/humble/include  
[0.849s] -- Using RMW implementation 'rmw_fastrtps_cpp' as default
[0.856s] -- Looking for pthread.h
[0.901s] -- Looking for pthread.h - found
[0.901s] -- Performing Test CMAKE_HAVE_LIBC_PTHREAD
[0.958s] -- Performing Test CMAKE_HAVE_LIBC_PTHREAD - Success
[0.959s] -- Found Threads: TRUE  
[1.069s] -- Found rclpy: 3.3.12 (/opt/ros/humble/share/rclpy/cmake)
[1.070s] -- Found sensor_msgs: 4.2.3 (/opt/ros/humble/share/sensor_msgs/cmake)
[1.146s] -- Found cv_bridge: 3.2.1 (/opt/ros/humble/share/cv_bridge/cmake)
[1.157s] -- Found image_transport: 3.1.8 (/opt/ros/humble/share/image_transport/cmake)
[1.188s] -- Found OpenCV: /usr (found version "4.5.4") 
[1.192s] -- Found ament_lint_auto: 0.12.10 (/opt/ros/humble/share/ament_lint_auto/cmake)
[1.247s] -- Added test 'cppcheck' to perform static code analysis on C / C++ code
[1.247s] -- Configured cppcheck include dirs: 
[1.247s] -- Configured cppcheck exclude dirs and/or files: 
[1.249s] -- Added test 'lint_cmake' to check CMake code style
[1.253s] -- Added test 'uncrustify' to check C / C++ code style
[1.253s] -- Configured uncrustify additional arguments: 
[1.254s] -- Added test 'xmllint' to check XML markup files
[1.255s] -- Configuring done
[1.262s] -- Generating done
[1.263s] -- Build files have been written to: /home/sweun/ros2_ws/src/lidar-camera-calibration/build/lidar-camera-calibration
[1.269s] Invoked command in '/home/sweun/ros2_ws/src/lidar-camera-calibration/build/lidar-camera-calibration' returned '0': CMAKE_PREFIX_PATH=${CMAKE_PREFIX_PATH}:/opt/ros/humble /usr/bin/cmake /home/sweun/ros2_ws/src/lidar-camera-calibration -DCMAKE_BUILD_TYPE=Release -DAMENT_CMAKE_SYMLINK_INSTALL=1 -DCMAKE_INSTALL_PREFIX=/home/sweun/ros2_ws/src/lidar-camera-calibration/install/lidar-camera-calibration
[1.270s] Invoking command in '/home/sweun/ros2_ws/src/lidar-camera-calibration/build/lidar-camera-calibration': CMAKE_PREFIX_PATH=${CMAKE_PREFIX_PATH}:/opt/ros/humble /usr/bin/cmake --build /home/sweun/ros2_ws/src/lidar-camera-calibration/build/lidar-camera-calibration -- -j20 -l20
[1.306s] [ 50%] [32mBuilding CXX object CMakeFiles/lidar_camera_transform.dir/src/lidar_camera_transform.cpp.o[0m
[2.902s] [01m[K/home/sweun/ros2_ws/src/lidar-camera-calibration/src/lidar_camera_transform.cpp:[m[K In member function ‘[01m[Kvoid MinimalImagePublisher::onMouseClick(int, int, int, int, void*)[m[K’:
[2.902s] [01m[K/home/sweun/ros2_ws/src/lidar-camera-calibration/src/lidar_camera_transform.cpp:61:36:[m[K [01;35m[Kwarning: [m[Kunused variable ‘[01m[Kself[m[K’ [[01;35m[K]8;;https://gcc.gnu.org/onlinedocs/gcc/Warning-Options.html#index-Wunused-variable-Wunused-variable]8;;[m[K]
[2.902s]    61 |             MinimalImagePublisher* [01;35m[Kself[m[K = static_cast<MinimalImagePublisher*>(userdata);
[2.902s]       |                                    [01;35m[K^~~~[m[K
[2.902s] [01m[K/home/sweun/ros2_ws/src/lidar-camera-calibration/src/lidar_camera_transform.cpp:59:52:[m[K [01;35m[Kwarning: [m[Kunused parameter ‘[01m[Kflags[m[K’ [[01;35m[K]8;;https://gcc.gnu.org/onlinedocs/gcc/Warning-Options.html#index-Wunused-parameter-Wunused-parameter]8;;[m[K]
[2.902s]    59 |     void onMouseClick(int event, int x, int y, [01;35m[Kint flags[m[K, void* userdata) {
[2.902s]       |                                                [01;35m[K~~~~^~~~~[m[K
[7.171s] [100%] [32m[1mLinking CXX executable lidar_camera_transform[0m
[7.473s] [100%] Built target lidar_camera_transform
[7.483s] Invoked command in '/home/sweun/ros2_ws/src/lidar-camera-calibration/build/lidar-camera-calibration' returned '0': CMAKE_PREFIX_PATH=${CMAKE_PREFIX_PATH}:/opt/ros/humble /usr/bin/cmake --build /home/sweun/ros2_ws/src/lidar-camera-calibration/build/lidar-camera-calibration -- -j20 -l20
[7.510s] Invoking command in '/home/sweun/ros2_ws/src/lidar-camera-calibration/build/lidar-camera-calibration': CMAKE_PREFIX_PATH=${CMAKE_PREFIX_PATH}:/opt/ros/humble /usr/bin/cmake --install /home/sweun/ros2_ws/src/lidar-camera-calibration/build/lidar-camera-calibration
[7.515s] -- Install configuration: "Release"
[7.515s] -- Execute custom install script
[7.515s] -- Symlinking: /home/sweun/ros2_ws/src/lidar-camera-calibration/install/lidar-camera-calibration/lib/lidar-camera-calibration/lidar_camera_transform
[7.521s] -- Symlinking: /home/sweun/ros2_ws/src/lidar-camera-calibration/install/lidar-camera-calibration/share/ament_index/resource_index/package_run_dependencies/lidar-camera-calibration
[7.527s] -- Symlinking: /home/sweun/ros2_ws/src/lidar-camera-calibration/install/lidar-camera-calibration/share/ament_index/resource_index/parent_prefix_path/lidar-camera-calibration
[7.532s] -- Symlinking: /home/sweun/ros2_ws/src/lidar-camera-calibration/install/lidar-camera-calibration/share/lidar-camera-calibration/environment/ament_prefix_path.sh
[7.537s] -- Symlinking: /home/sweun/ros2_ws/src/lidar-camera-calibration/install/lidar-camera-calibration/share/lidar-camera-calibration/environment/ament_prefix_path.dsv
[7.542s] -- Symlinking: /home/sweun/ros2_ws/src/lidar-camera-calibration/install/lidar-camera-calibration/share/lidar-camera-calibration/environment/path.sh
[7.547s] -- Symlinking: /home/sweun/ros2_ws/src/lidar-camera-calibration/install/lidar-camera-calibration/share/lidar-camera-calibration/environment/path.dsv
[7.552s] -- Symlinking: /home/sweun/ros2_ws/src/lidar-camera-calibration/install/lidar-camera-calibration/share/lidar-camera-calibration/local_setup.bash
[7.557s] -- Symlinking: /home/sweun/ros2_ws/src/lidar-camera-calibration/install/lidar-camera-calibration/share/lidar-camera-calibration/local_setup.sh
[7.562s] -- Symlinking: /home/sweun/ros2_ws/src/lidar-camera-calibration/install/lidar-camera-calibration/share/lidar-camera-calibration/local_setup.zsh
[7.567s] -- Symlinking: /home/sweun/ros2_ws/src/lidar-camera-calibration/install/lidar-camera-calibration/share/lidar-camera-calibration/local_setup.dsv
[7.572s] -- Symlinking: /home/sweun/ros2_ws/src/lidar-camera-calibration/install/lidar-camera-calibration/share/lidar-camera-calibration/package.dsv
[7.577s] -- Symlinking: /home/sweun/ros2_ws/src/lidar-camera-calibration/install/lidar-camera-calibration/share/ament_index/resource_index/packages/lidar-camera-calibration
[7.582s] -- Symlinking: /home/sweun/ros2_ws/src/lidar-camera-calibration/install/lidar-camera-calibration/share/lidar-camera-calibration/cmake/lidar-camera-calibrationConfig.cmake
[7.587s] -- Symlinking: /home/sweun/ros2_ws/src/lidar-camera-calibration/install/lidar-camera-calibration/share/lidar-camera-calibration/cmake/lidar-camera-calibrationConfig-version.cmake
[7.592s] -- Symlinking: /home/sweun/ros2_ws/src/lidar-camera-calibration/install/lidar-camera-calibration/share/lidar-camera-calibration/package.xml
[7.600s] Invoked command in '/home/sweun/ros2_ws/src/lidar-camera-calibration/build/lidar-camera-calibration' returned '0': CMAKE_PREFIX_PATH=${CMAKE_PREFIX_PATH}:/opt/ros/humble /usr/bin/cmake --install /home/sweun/ros2_ws/src/lidar-camera-calibration/build/lidar-camera-calibration
