[0.051s] DEBUG:colcon:Command line arguments: ['/usr/bin/colcon', 'build', '--symlink-install', '--cmake-args', '-DCMAKE_BUILD_TYPE=Release', '--packages-select', 'lidar-camera-calibration']
[0.051s] DEBUG:colcon:Parsed command line arguments: Namespace(log_base=None, log_level=None, verb_name='build', build_base='build', install_base='install', merge_install=False, symlink_install=True, test_result_base=None, continue_on_error=False, executor='parallel', parallel_workers=20, event_handlers=None, ignore_user_meta=False, metas=['./colcon.meta'], base_paths=['.'], packages_ignore=None, packages_ignore_regex=None, paths=None, packages_up_to=None, packages_up_to_regex=None, packages_above=None, packages_above_and_dependencies=None, packages_above_depth=None, packages_select_by_dep=None, packages_skip_by_dep=None, packages_skip_up_to=None, packages_select_build_failed=False, packages_skip_build_finished=False, packages_select_test_failures=False, packages_skip_test_passed=False, packages_select=['lidar-camera-calibration'], packages_skip=None, packages_select_regex=None, packages_skip_regex=None, packages_start=None, packages_end=None, allow_overriding=[], cmake_args=['-DCMAKE_BUILD_TYPE=Release'], cmake_target=None, cmake_target_skip_unavailable=False, cmake_clean_cache=False, cmake_clean_first=False, cmake_force_configure=False, ament_cmake_args=None, catkin_cmake_args=None, catkin_skip_building_tests=False, verb_parser=<colcon_defaults.argument_parser.defaults.DefaultArgumentsDecorator object at 0x754e9b3f83a0>, verb_extension=<colcon_core.verb.build.BuildVerb object at 0x754e9b3c7d90>, main=<bound method BuildVerb.main of <colcon_core.verb.build.BuildVerb object at 0x754e9b3c7d90>>)
[0.071s] Level 1:colcon.colcon_core.package_discovery:discover_packages(colcon_meta) check parameters
[0.071s] Level 1:colcon.colcon_core.package_discovery:discover_packages(recursive) check parameters
[0.071s] Level 1:colcon.colcon_core.package_discovery:discover_packages(ignore) check parameters
[0.071s] Level 1:colcon.colcon_core.package_discovery:discover_packages(path) check parameters
[0.071s] Level 1:colcon.colcon_core.package_discovery:discover_packages(colcon_meta) discover
[0.071s] Level 1:colcon.colcon_core.package_discovery:discover_packages(recursive) discover
[0.071s] INFO:colcon.colcon_core.package_discovery:Crawling recursively for packages in '/home/sweun/ros2_ws/src/lidar-camera-calibration'
[0.071s] Level 1:colcon.colcon_core.package_identification:_identify(.) by extensions ['ignore', 'ignore_ament_install']
[0.071s] Level 1:colcon.colcon_core.package_identification:_identify(.) by extension 'ignore'
[0.071s] Level 1:colcon.colcon_core.package_identification:_identify(.) by extension 'ignore_ament_install'
[0.072s] Level 1:colcon.colcon_core.package_identification:_identify(.) by extensions ['colcon_pkg']
[0.072s] Level 1:colcon.colcon_core.package_identification:_identify(.) by extension 'colcon_pkg'
[0.072s] Level 1:colcon.colcon_core.package_identification:_identify(.) by extensions ['colcon_meta']
[0.072s] Level 1:colcon.colcon_core.package_identification:_identify(.) by extension 'colcon_meta'
[0.072s] Level 1:colcon.colcon_core.package_identification:_identify(.) by extensions ['ros']
[0.072s] Level 1:colcon.colcon_core.package_identification:_identify(.) by extension 'ros'
[0.081s] DEBUG:colcon.colcon_core.package_identification:Package '.' with type 'ros.ament_cmake' and name 'lidar-camera-calibration'
[0.081s] Level 1:colcon.colcon_core.package_discovery:discover_packages(recursive) using defaults
[0.081s] Level 1:colcon.colcon_core.package_discovery:discover_packages(ignore) discover
[0.081s] Level 1:colcon.colcon_core.package_discovery:discover_packages(ignore) using defaults
[0.081s] Level 1:colcon.colcon_core.package_discovery:discover_packages(path) discover
[0.081s] Level 1:colcon.colcon_core.package_discovery:discover_packages(path) using defaults
[0.091s] Level 1:colcon.colcon_core.package_discovery:discover_packages(prefix_path) check parameters
[0.091s] Level 1:colcon.colcon_core.package_discovery:discover_packages(prefix_path) discover
[0.092s] DEBUG:colcon.colcon_installed_package_information.package_discovery:Found 1 installed packages in /home/sweun/ros2_ws/src/lidar-camera-calibration/install
[0.092s] DEBUG:colcon.colcon_installed_package_information.package_discovery:Found 4 installed packages in /home/sweun/ros2_ws/install
[0.093s] DEBUG:colcon.colcon_installed_package_information.package_discovery:Found 279 installed packages in /opt/ros/humble
[0.094s] Level 1:colcon.colcon_core.package_discovery:discover_packages(prefix_path) using defaults
[0.112s] Level 5:colcon.colcon_core.verb:set package 'lidar-camera-calibration' build argument 'cmake_args' from command line to '['-DCMAKE_BUILD_TYPE=Release']'
[0.112s] Level 5:colcon.colcon_core.verb:set package 'lidar-camera-calibration' build argument 'cmake_target' from command line to 'None'
[0.112s] Level 5:colcon.colcon_core.verb:set package 'lidar-camera-calibration' build argument 'cmake_target_skip_unavailable' from command line to 'False'
[0.112s] Level 5:colcon.colcon_core.verb:set package 'lidar-camera-calibration' build argument 'cmake_clean_cache' from command line to 'False'
[0.112s] Level 5:colcon.colcon_core.verb:set package 'lidar-camera-calibration' build argument 'cmake_clean_first' from command line to 'False'
[0.112s] Level 5:colcon.colcon_core.verb:set package 'lidar-camera-calibration' build argument 'cmake_force_configure' from command line to 'False'
[0.112s] Level 5:colcon.colcon_core.verb:set package 'lidar-camera-calibration' build argument 'ament_cmake_args' from command line to 'None'
[0.112s] Level 5:colcon.colcon_core.verb:set package 'lidar-camera-calibration' build argument 'catkin_cmake_args' from command line to 'None'
[0.112s] Level 5:colcon.colcon_core.verb:set package 'lidar-camera-calibration' build argument 'catkin_skip_building_tests' from command line to 'False'
[0.112s] DEBUG:colcon.colcon_core.verb:Building package 'lidar-camera-calibration' with the following arguments: {'ament_cmake_args': None, 'build_base': '/home/sweun/ros2_ws/src/lidar-camera-calibration/build/lidar-camera-calibration', 'catkin_cmake_args': None, 'catkin_skip_building_tests': False, 'cmake_args': ['-DCMAKE_BUILD_TYPE=Release'], 'cmake_clean_cache': False, 'cmake_clean_first': False, 'cmake_force_configure': False, 'cmake_target': None, 'cmake_target_skip_unavailable': False, 'install_base': '/home/sweun/ros2_ws/src/lidar-camera-calibration/install/lidar-camera-calibration', 'merge_install': False, 'path': '/home/sweun/ros2_ws/src/lidar-camera-calibration', 'symlink_install': True, 'test_result_base': None}
[0.112s] INFO:colcon.colcon_core.executor:Executing jobs using 'parallel' executor
[0.113s] DEBUG:colcon.colcon_parallel_executor.executor.parallel:run_until_complete
[0.113s] INFO:colcon.colcon_ros.task.ament_cmake.build:Building ROS package in '/home/sweun/ros2_ws/src/lidar-camera-calibration' with build type 'ament_cmake'
[0.113s] INFO:colcon.colcon_cmake.task.cmake.build:Building CMake package in '/home/sweun/ros2_ws/src/lidar-camera-calibration'
[0.114s] INFO:colcon.colcon_core.plugin_system:Skipping extension 'colcon_core.shell.bat': Not used on non-Windows systems
[0.114s] INFO:colcon.colcon_core.shell:Skip shell extension 'powershell' for command environment: Not usable outside of PowerShell
[0.114s] DEBUG:colcon.colcon_core.shell:Skip shell extension 'dsv' for command environment
[0.119s] DEBUG:colcon.colcon_core.event_handler.log_command:Invoking command in '/home/sweun/ros2_ws/src/lidar-camera-calibration/build/lidar-camera-calibration': CMAKE_PREFIX_PATH=${CMAKE_PREFIX_PATH}:/opt/ros/humble /usr/bin/cmake --build /home/sweun/ros2_ws/src/lidar-camera-calibration/build/lidar-camera-calibration -- -j20 -l20
[6.339s] DEBUG:colcon.colcon_core.event_handler.log_command:Invoked command in '/home/sweun/ros2_ws/src/lidar-camera-calibration/build/lidar-camera-calibration' returned '0': CMAKE_PREFIX_PATH=${CMAKE_PREFIX_PATH}:/opt/ros/humble /usr/bin/cmake --build /home/sweun/ros2_ws/src/lidar-camera-calibration/build/lidar-camera-calibration -- -j20 -l20
[6.365s] DEBUG:colcon.colcon_core.event_handler.log_command:Invoking command in '/home/sweun/ros2_ws/src/lidar-camera-calibration/build/lidar-camera-calibration': CMAKE_PREFIX_PATH=${CMAKE_PREFIX_PATH}:/opt/ros/humble /usr/bin/cmake --install /home/sweun/ros2_ws/src/lidar-camera-calibration/build/lidar-camera-calibration
[6.384s] Level 1:colcon.colcon_core.environment:create_environment_scripts_only(lidar-camera-calibration)
[6.384s] DEBUG:colcon.colcon_core.event_handler.log_command:Invoked command in '/home/sweun/ros2_ws/src/lidar-camera-calibration/build/lidar-camera-calibration' returned '0': CMAKE_PREFIX_PATH=${CMAKE_PREFIX_PATH}:/opt/ros/humble /usr/bin/cmake --install /home/sweun/ros2_ws/src/lidar-camera-calibration/build/lidar-camera-calibration
[6.386s] Level 1:colcon.colcon_core.environment:checking '/home/sweun/ros2_ws/src/lidar-camera-calibration/install/lidar-camera-calibration' for CMake module files
[6.387s] Level 1:colcon.colcon_core.environment:checking '/home/sweun/ros2_ws/src/lidar-camera-calibration/install/lidar-camera-calibration' for CMake config files
[6.387s] Level 1:colcon.colcon_core.shell:create_environment_hook('lidar-camera-calibration', 'cmake_prefix_path')
[6.387s] INFO:colcon.colcon_core.shell:Creating environment hook '/home/sweun/ros2_ws/src/lidar-camera-calibration/install/lidar-camera-calibration/share/lidar-camera-calibration/hook/cmake_prefix_path.ps1'
[6.387s] INFO:colcon.colcon_core.shell:Creating environment descriptor '/home/sweun/ros2_ws/src/lidar-camera-calibration/install/lidar-camera-calibration/share/lidar-camera-calibration/hook/cmake_prefix_path.dsv'
[6.388s] INFO:colcon.colcon_core.shell:Creating environment hook '/home/sweun/ros2_ws/src/lidar-camera-calibration/install/lidar-camera-calibration/share/lidar-camera-calibration/hook/cmake_prefix_path.sh'
[6.388s] Level 1:colcon.colcon_core.environment:checking '/home/sweun/ros2_ws/src/lidar-camera-calibration/install/lidar-camera-calibration/lib'
[6.388s] Level 1:colcon.colcon_core.environment:checking '/home/sweun/ros2_ws/src/lidar-camera-calibration/install/lidar-camera-calibration/bin'
[6.388s] Level 1:colcon.colcon_core.environment:checking '/home/sweun/ros2_ws/src/lidar-camera-calibration/install/lidar-camera-calibration/lib/pkgconfig/lidar-camera-calibration.pc'
[6.389s] Level 1:colcon.colcon_core.environment:checking '/home/sweun/ros2_ws/src/lidar-camera-calibration/install/lidar-camera-calibration/lib/python3.10/site-packages'
[6.389s] Level 1:colcon.colcon_core.environment:checking '/home/sweun/ros2_ws/src/lidar-camera-calibration/install/lidar-camera-calibration/bin'
[6.389s] INFO:colcon.colcon_core.shell:Creating package script '/home/sweun/ros2_ws/src/lidar-camera-calibration/install/lidar-camera-calibration/share/lidar-camera-calibration/package.ps1'
[6.389s] INFO:colcon.colcon_core.shell:Creating package descriptor '/home/sweun/ros2_ws/src/lidar-camera-calibration/install/lidar-camera-calibration/share/lidar-camera-calibration/package.dsv'
[6.390s] INFO:colcon.colcon_core.shell:Creating package script '/home/sweun/ros2_ws/src/lidar-camera-calibration/install/lidar-camera-calibration/share/lidar-camera-calibration/package.sh'
[6.390s] INFO:colcon.colcon_core.shell:Creating package script '/home/sweun/ros2_ws/src/lidar-camera-calibration/install/lidar-camera-calibration/share/lidar-camera-calibration/package.bash'
[6.390s] INFO:colcon.colcon_core.shell:Creating package script '/home/sweun/ros2_ws/src/lidar-camera-calibration/install/lidar-camera-calibration/share/lidar-camera-calibration/package.zsh'
[6.391s] Level 1:colcon.colcon_core.environment:create_file_with_runtime_dependencies(/home/sweun/ros2_ws/src/lidar-camera-calibration/install/lidar-camera-calibration/share/colcon-core/packages/lidar-camera-calibration)
[6.406s] Level 1:colcon.colcon_core.environment:create_environment_scripts_only(lidar-camera-calibration)
[6.406s] Level 1:colcon.colcon_core.environment:checking '/home/sweun/ros2_ws/src/lidar-camera-calibration/install/lidar-camera-calibration' for CMake module files
[6.407s] Level 1:colcon.colcon_core.environment:checking '/home/sweun/ros2_ws/src/lidar-camera-calibration/install/lidar-camera-calibration' for CMake config files
[6.407s] Level 1:colcon.colcon_core.shell:create_environment_hook('lidar-camera-calibration', 'cmake_prefix_path')
[6.407s] INFO:colcon.colcon_core.shell:Creating environment hook '/home/sweun/ros2_ws/src/lidar-camera-calibration/install/lidar-camera-calibration/share/lidar-camera-calibration/hook/cmake_prefix_path.ps1'
[6.407s] INFO:colcon.colcon_core.shell:Creating environment descriptor '/home/sweun/ros2_ws/src/lidar-camera-calibration/install/lidar-camera-calibration/share/lidar-camera-calibration/hook/cmake_prefix_path.dsv'
[6.407s] INFO:colcon.colcon_core.shell:Creating environment hook '/home/sweun/ros2_ws/src/lidar-camera-calibration/install/lidar-camera-calibration/share/lidar-camera-calibration/hook/cmake_prefix_path.sh'
[6.408s] Level 1:colcon.colcon_core.environment:checking '/home/sweun/ros2_ws/src/lidar-camera-calibration/install/lidar-camera-calibration/lib'
[6.408s] Level 1:colcon.colcon_core.environment:checking '/home/sweun/ros2_ws/src/lidar-camera-calibration/install/lidar-camera-calibration/bin'
[6.408s] Level 1:colcon.colcon_core.environment:checking '/home/sweun/ros2_ws/src/lidar-camera-calibration/install/lidar-camera-calibration/lib/pkgconfig/lidar-camera-calibration.pc'
[6.408s] Level 1:colcon.colcon_core.environment:checking '/home/sweun/ros2_ws/src/lidar-camera-calibration/install/lidar-camera-calibration/lib/python3.10/site-packages'
[6.408s] Level 1:colcon.colcon_core.environment:checking '/home/sweun/ros2_ws/src/lidar-camera-calibration/install/lidar-camera-calibration/bin'
[6.408s] INFO:colcon.colcon_core.shell:Creating package script '/home/sweun/ros2_ws/src/lidar-camera-calibration/install/lidar-camera-calibration/share/lidar-camera-calibration/package.ps1'
[6.409s] INFO:colcon.colcon_core.shell:Creating package descriptor '/home/sweun/ros2_ws/src/lidar-camera-calibration/install/lidar-camera-calibration/share/lidar-camera-calibration/package.dsv'
[6.409s] INFO:colcon.colcon_core.shell:Creating package script '/home/sweun/ros2_ws/src/lidar-camera-calibration/install/lidar-camera-calibration/share/lidar-camera-calibration/package.sh'
[6.409s] INFO:colcon.colcon_core.shell:Creating package script '/home/sweun/ros2_ws/src/lidar-camera-calibration/install/lidar-camera-calibration/share/lidar-camera-calibration/package.bash'
[6.409s] INFO:colcon.colcon_core.shell:Creating package script '/home/sweun/ros2_ws/src/lidar-camera-calibration/install/lidar-camera-calibration/share/lidar-camera-calibration/package.zsh'
[6.409s] Level 1:colcon.colcon_core.environment:create_file_with_runtime_dependencies(/home/sweun/ros2_ws/src/lidar-camera-calibration/install/lidar-camera-calibration/share/colcon-core/packages/lidar-camera-calibration)
[6.410s] DEBUG:colcon.colcon_parallel_executor.executor.parallel:closing loop
[6.410s] DEBUG:colcon.colcon_parallel_executor.executor.parallel:loop closed
[6.410s] DEBUG:colcon.colcon_parallel_executor.executor.parallel:run_until_complete finished with '0'
[6.410s] DEBUG:colcon.colcon_core.event_reactor:joining thread
[6.413s] INFO:colcon.colcon_core.plugin_system:Skipping extension 'colcon_notification.desktop_notification.terminal_notifier': Not used on non-Darwin systems
[6.413s] INFO:colcon.colcon_core.plugin_system:Skipping extension 'colcon_notification.desktop_notification.win32': Not used on non-Windows systems
[6.413s] INFO:colcon.colcon_notification.desktop_notification:Sending desktop notification using 'notify2'
[6.420s] DEBUG:colcon.colcon_core.event_reactor:joined thread
[6.420s] INFO:colcon.colcon_core.shell:Creating prefix script '/home/sweun/ros2_ws/src/lidar-camera-calibration/install/local_setup.ps1'
[6.421s] INFO:colcon.colcon_core.shell:Creating prefix util module '/home/sweun/ros2_ws/src/lidar-camera-calibration/install/_local_setup_util_ps1.py'
[6.421s] INFO:colcon.colcon_core.shell:Creating prefix chain script '/home/sweun/ros2_ws/src/lidar-camera-calibration/install/setup.ps1'
[6.422s] INFO:colcon.colcon_core.shell:Creating prefix script '/home/sweun/ros2_ws/src/lidar-camera-calibration/install/local_setup.sh'
[6.422s] INFO:colcon.colcon_core.shell:Creating prefix util module '/home/sweun/ros2_ws/src/lidar-camera-calibration/install/_local_setup_util_sh.py'
[6.423s] INFO:colcon.colcon_core.shell:Creating prefix chain script '/home/sweun/ros2_ws/src/lidar-camera-calibration/install/setup.sh'
[6.423s] INFO:colcon.colcon_core.shell:Creating prefix script '/home/sweun/ros2_ws/src/lidar-camera-calibration/install/local_setup.bash'
[6.424s] INFO:colcon.colcon_core.shell:Creating prefix chain script '/home/sweun/ros2_ws/src/lidar-camera-calibration/install/setup.bash'
[6.424s] INFO:colcon.colcon_core.shell:Creating prefix script '/home/sweun/ros2_ws/src/lidar-camera-calibration/install/local_setup.zsh'
[6.424s] INFO:colcon.colcon_core.shell:Creating prefix chain script '/home/sweun/ros2_ws/src/lidar-camera-calibration/install/setup.zsh'
