[ 50%] [32mBuilding CXX object CMakeFiles/lidar_camera_transform.dir/src/lidar_camera_transform.cpp.o[0m
[100%] [32m[1mLinking CXX executable lidar_camera_transform[0m
[100%] Built target lidar_camera_transform
-- Install configuration: "Release"
-- Execute custom install script
-- Up-to-date symlink: /home/sweun/ros2_ws/src/lidar-camera-calibration/install/lidar-camera-calibration/lib/lidar-camera-calibration/lidar_camera_transform
-- Up-to-date symlink: /home/sweun/ros2_ws/src/lidar-camera-calibration/install/lidar-camera-calibration/share/ament_index/resource_index/package_run_dependencies/lidar-camera-calibration
-- Up-to-date symlink: /home/sweun/ros2_ws/src/lidar-camera-calibration/install/lidar-camera-calibration/share/ament_index/resource_index/parent_prefix_path/lidar-camera-calibration
-- Up-to-date symlink: /home/sweun/ros2_ws/src/lidar-camera-calibration/install/lidar-camera-calibration/share/lidar-camera-calibration/environment/ament_prefix_path.sh
-- Up-to-date symlink: /home/sweun/ros2_ws/src/lidar-camera-calibration/install/lidar-camera-calibration/share/lidar-camera-calibration/environment/ament_prefix_path.dsv
-- Up-to-date symlink: /home/sweun/ros2_ws/src/lidar-camera-calibration/install/lidar-camera-calibration/share/lidar-camera-calibration/environment/path.sh
-- Up-to-date symlink: /home/sweun/ros2_ws/src/lidar-camera-calibration/install/lidar-camera-calibration/share/lidar-camera-calibration/environment/path.dsv
-- Up-to-date symlink: /home/sweun/ros2_ws/src/lidar-camera-calibration/install/lidar-camera-calibration/share/lidar-camera-calibration/local_setup.bash
-- Up-to-date symlink: /home/sweun/ros2_ws/src/lidar-camera-calibration/install/lidar-camera-calibration/share/lidar-camera-calibration/local_setup.sh
-- Up-to-date symlink: /home/sweun/ros2_ws/src/lidar-camera-calibration/install/lidar-camera-calibration/share/lidar-camera-calibration/local_setup.zsh
-- Up-to-date symlink: /home/sweun/ros2_ws/src/lidar-camera-calibration/install/lidar-camera-calibration/share/lidar-camera-calibration/local_setup.dsv
-- Symlinking: /home/sweun/ros2_ws/src/lidar-camera-calibration/install/lidar-camera-calibration/share/lidar-camera-calibration/package.dsv
-- Up-to-date symlink: /home/sweun/ros2_ws/src/lidar-camera-calibration/install/lidar-camera-calibration/share/ament_index/resource_index/packages/lidar-camera-calibration
-- Up-to-date symlink: /home/sweun/ros2_ws/src/lidar-camera-calibration/install/lidar-camera-calibration/share/lidar-camera-calibration/cmake/lidar-camera-calibrationConfig.cmake
-- Up-to-date symlink: /home/sweun/ros2_ws/src/lidar-camera-calibration/install/lidar-camera-calibration/share/lidar-camera-calibration/cmake/lidar-camera-calibrationConfig-version.cmake
-- Up-to-date symlink: /home/sweun/ros2_ws/src/lidar-camera-calibration/install/lidar-camera-calibration/share/lidar-camera-calibration/package.xml
